[ +159 ms] executing: uname -m
[  +18 ms] Exit code 0 from: uname -m
[   +1 ms] x86_64
[  +28 ms] Artifact Instance of 'MaterialFonts' is not required, skipping update.
[        ] Artifact Instance of 'GradleWrapper' is not required, skipping update.
[        ] Artifact Instance of 'AndroidGenSnapshotArtifacts' is not required, skipping update.
[        ] Artifact Instance of 'AndroidInternalBuildArtifacts' is not required, skipping update.
[        ] Artifact Instance of 'IOSEngineArtifacts' is not required, skipping update.
[        ] Artifact Instance of 'FlutterWebSdk' is not required, skipping update.
[   +7 ms] Artifact Instance of 'LegacyCanvasKitRemover' is not required, skipping update.
[   +2 ms] Artifact Instance of 'FlutterSdk' is not required, skipping update.
[   +1 ms] Artifact Instance of 'WindowsEngineArtifacts' is not required, skipping update.
[   +1 ms] Artifact Instance of 'MacOSEngineArtifacts' is not required, skipping update.
[   +1 ms] Artifact Instance of 'LinuxEngineArtifacts' is not required, skipping update.
[        ] Artifact Instance of 'LinuxFuchsiaSDKArtifacts' is not required, skipping update.
[        ] Artifact Instance of 'MacOSFuchsiaSDKArtifacts' is not required, skipping update.
[        ] Artifact Instance of 'FlutterRunnerSDKArtifacts' is not required, skipping update.
[        ] Artifact Instance of 'FlutterRunnerDebugSymbols' is not required, skipping update.
[        ] Artifact Instance of 'IosUsbArtifacts' is not required, skipping update.
[        ] Artifact Instance of 'IosUsbArtifacts' is not required, skipping update.
[        ] Artifact Instance of 'IosUsbArtifacts' is not required, skipping update.
[        ] Artifact Instance of 'IosUsbArtifacts' is not required, skipping update.
[        ] Artifact Instance of 'IosUsbArtifacts' is not required, skipping update.
[        ] Artifact Instance of 'IosUsbArtifacts' is not required, skipping update.
[        ] Artifact Instance of 'FontSubsetArtifacts' is not required, skipping update.
[        ] Artifact Instance of 'PubDependencies' is not required, skipping update.
[   +4 ms] executing: [/home/rafiq/flutter/] git -c log.showSignature=false log HEAD -n 1 --pretty=format:%ad --date=iso
[  +30 ms] Exit code 0 from: git -c log.showSignature=false log HEAD -n 1 --pretty=format:%ad --date=iso
[   +2 ms] 2025-12-11 11:50:07 -0500
[  +58 ms] Artifact Instance of 'AndroidGenSnapshotArtifacts' is not required, skipping update.
[        ] Artifact Instance of 'AndroidInternalBuildArtifacts' is not required, skipping update.
[        ] Artifact Instance of 'IOSEngineArtifacts' is not required, skipping update.
[        ] Artifact Instance of 'FlutterWebSdk' is not required, skipping update.
[        ] Artifact Instance of 'FlutterEngineStamp' is not required, skipping update.
[        ] Artifact Instance of 'LegacyCanvasKitRemover' is not required, skipping update.
[   +9 ms] Artifact Instance of 'WindowsEngineArtifacts' is not required, skipping update.
[   +1 ms] Artifact Instance of 'MacOSEngineArtifacts' is not required, skipping update.
[        ] Artifact Instance of 'LinuxEngineArtifacts' is not required, skipping update.
[        ] Artifact Instance of 'LinuxFuchsiaSDKArtifacts' is not required, skipping update.
[   +1 ms] Artifact Instance of 'MacOSFuchsiaSDKArtifacts' is not required, skipping update.
[   +1 ms] Artifact Instance of 'FlutterRunnerSDKArtifacts' is not required, skipping update.
[   +1 ms] Artifact Instance of 'FlutterRunnerDebugSymbols' is not required, skipping update.
[ +144 ms] Artifact Instance of 'MaterialFonts' is not required, skipping update.
[   +5 ms] Artifact Instance of 'GradleWrapper' is not required, skipping update.
[  +10 ms] Artifact Instance of 'AndroidInternalBuildArtifacts' is not required, skipping update.
[   +3 ms] Artifact Instance of 'IOSEngineArtifacts' is not required, skipping update.
[   +1 ms] Artifact Instance of 'FlutterWebSdk' is not required, skipping update.
[   +8 ms] Artifact Instance of 'FlutterEngineStamp' is not required, skipping update.
[        ] Artifact Instance of 'LegacyCanvasKitRemover' is not required, skipping update.
[        ] Artifact Instance of 'FlutterSdk' is not required, skipping update.
[        ] Artifact Instance of 'WindowsEngineArtifacts' is not required, skipping update.
[        ] Artifact Instance of 'MacOSEngineArtifacts' is not required, skipping update.
[        ] Artifact Instance of 'LinuxEngineArtifacts' is not required, skipping update.
[   +2 ms] Artifact Instance of 'LinuxFuchsiaSDKArtifacts' is not required, skipping update.
[   +2 ms] Artifact Instance of 'MacOSFuchsiaSDKArtifacts' is not required, skipping update.
[   +1 ms] Artifact Instance of 'FlutterRunnerSDKArtifacts' is not required, skipping update.
[   +1 ms] Artifact Instance of 'FlutterRunnerDebugSymbols' is not required, skipping update.
[   +1 ms] Artifact Instance of 'IosUsbArtifacts' is not required, skipping update.
[   +3 ms] Artifact Instance of 'IosUsbArtifacts' is not required, skipping update.
[   +2 ms] Artifact Instance of 'IosUsbArtifacts' is not required, skipping update.
[   +1 ms] Artifact Instance of 'IosUsbArtifacts' is not required, skipping update.
[        ] Artifact Instance of 'IosUsbArtifacts' is not required, skipping update.
[        ] Artifact Instance of 'IosUsbArtifacts' is not required, skipping update.
[        ] Artifact Instance of 'FontSubsetArtifacts' is not required, skipping update.
[        ] Artifact Instance of 'PubDependencies' is not required, skipping update.
[ +342 ms] Skipping pub get: version match.
[ +279 ms] Found plugin qr_code_scanner at /home/rafiq/.pub-cache/hosted/pub.dev/qr_code_scanner-1.0.1/
[  +19 ms] Found plugin permission_handler at /home/rafiq/.pub-cache/hosted/pub.dev/permission_handler-11.3.0/
[   +4 ms] Found plugin permission_handler_windows at /home/rafiq/.pub-cache/hosted/pub.dev/permission_handler_windows-0.2.1/
[  +18 ms] Found plugin permission_handler_html at /home/rafiq/.pub-cache/hosted/pub.dev/permission_handler_html-0.1.1/
[  +15 ms] Found plugin permission_handler_apple at /home/rafiq/.pub-cache/hosted/pub.dev/permission_handler_apple-9.4.0/
[  +37 ms] Found plugin permission_handler_android at /home/rafiq/.pub-cache/hosted/pub.dev/permission_handler_android-12.0.5/
[   +9 ms] Found plugin path_provider at /home/rafiq/.pub-cache/hosted/pub.dev/path_provider-2.1.2/
[  +11 ms] Found plugin path_provider_windows at /home/rafiq/.pub-cache/hosted/pub.dev/path_provider_windows-2.2.1/
[  +72 ms] Found plugin path_provider_linux at /home/rafiq/.pub-cache/hosted/pub.dev/path_provider_linux-2.2.1/
[  +23 ms] Found plugin path_provider_foundation at /home/rafiq/.pub-cache/hosted/pub.dev/path_provider_foundation-2.3.2/
[  +15 ms] Found plugin path_provider_android at /home/rafiq/.pub-cache/hosted/pub.dev/path_provider_android-2.2.2/
[  +30 ms] Found plugin image_picker at /home/rafiq/.pub-cache/hosted/pub.dev/image_picker-1.0.7/
[  +16 ms] Found plugin image_picker_windows at /home/rafiq/.pub-cache/hosted/pub.dev/image_picker_windows-0.2.1+1/
[  +62 ms] Found plugin file_selector_windows at /home/rafiq/.pub-cache/hosted/pub.dev/file_selector_windows-0.9.3+1/
[  +30 ms] Found plugin image_picker_macos at /home/rafiq/.pub-cache/hosted/pub.dev/image_picker_macos-0.2.1+1/
[  +19 ms] Found plugin file_selector_macos at /home/rafiq/.pub-cache/hosted/pub.dev/file_selector_macos-0.9.3+3/
[  +14 ms] Found plugin image_picker_linux at /home/rafiq/.pub-cache/hosted/pub.dev/image_picker_linux-0.2.1+1/
[  +17 ms] Found plugin file_selector_linux at /home/rafiq/.pub-cache/hosted/pub.dev/file_selector_linux-0.9.2+1/
[  +16 ms] Found plugin image_picker_ios at /home/rafiq/.pub-cache/hosted/pub.dev/image_picker_ios-0.8.9+1/
[  +15 ms] Found plugin image_picker_for_web at /home/rafiq/.pub-cache/hosted/pub.dev/image_picker_for_web-3.0.6/
[  +17 ms] Found plugin image_picker_android at /home/rafiq/.pub-cache/hosted/pub.dev/image_picker_android-0.8.9+3/
[  +12 ms] Found plugin flutter_plugin_android_lifecycle at /home/rafiq/.pub-cache/hosted/pub.dev/flutter_plugin_android_lifecycle-2.0.33/
[   +5 ms] Found plugin image_gallery_saver at /home/rafiq/.pub-cache/hosted/pub.dev/image_gallery_saver-2.0.3/
[  +12 ms] Found plugin google_mlkit_translation at /home/rafiq/.pub-cache/hosted/pub.dev/google_mlkit_translation-0.9.0/
[   +9 ms] Found plugin google_mlkit_commons at /home/rafiq/.pub-cache/hosted/pub.dev/google_mlkit_commons-0.6.1/
[  +13 ms] Found plugin google_mlkit_text_recognition at /home/rafiq/.pub-cache/hosted/pub.dev/google_mlkit_text_recognition-0.11.0/
[   +9 ms] Found plugin google_mlkit_smart_reply at /home/rafiq/.pub-cache/hosted/pub.dev/google_mlkit_smart_reply-0.9.0/
[   +9 ms] Found plugin google_mlkit_selfie_segmentation at /home/rafiq/.pub-cache/hosted/pub.dev/google_mlkit_selfie_segmentation-0.6.0/
[  +26 ms] Found plugin google_mlkit_pose_detection at /home/rafiq/.pub-cache/hosted/pub.dev/google_mlkit_pose_detection-0.10.0/
[  +28 ms] Found plugin google_mlkit_object_detection at /home/rafiq/.pub-cache/hosted/pub.dev/google_mlkit_object_detection-0.11.0/
[  +22 ms] Found plugin google_mlkit_language_id at /home/rafiq/.pub-cache/hosted/pub.dev/google_mlkit_language_id-0.9.0/
[  +18 ms] Found plugin google_mlkit_image_labeling at /home/rafiq/.pub-cache/hosted/pub.dev/google_mlkit_image_labeling-0.10.0/
[  +11 ms] Found plugin google_mlkit_face_mesh_detection at /home/rafiq/.pub-cache/hosted/pub.dev/google_mlkit_face_mesh_detection-0.0.2/
[   +8 ms] Found plugin google_mlkit_face_detection at /home/rafiq/.pub-cache/hosted/pub.dev/google_mlkit_face_detection-0.9.0/
[   +8 ms] Found plugin google_mlkit_entity_extraction at /home/rafiq/.pub-cache/hosted/pub.dev/google_mlkit_entity_extraction-0.11.0/
[   +8 ms] Found plugin google_mlkit_digital_ink_recognition at /home/rafiq/.pub-cache/hosted/pub.dev/google_mlkit_digital_ink_recognition-0.10.0/
[  +12 ms] Found plugin google_mlkit_barcode_scanning at /home/rafiq/.pub-cache/hosted/pub.dev/google_mlkit_barcode_scanning-0.10.0/
[  +21 ms] Found plugin gallery_saver at /home/rafiq/.pub-cache/hosted/pub.dev/gallery_saver-2.3.2/
[   +9 ms] Found plugin flutter_pdfview at /home/rafiq/.pub-cache/hosted/pub.dev/flutter_pdfview-1.3.2/
[  +10 ms] Found plugin file_picker at /home/rafiq/.pub-cache/hosted/pub.dev/file_picker-10.3.8/
[  +22 ms] Found plugin camera at /home/rafiq/.pub-cache/hosted/pub.dev/camera-0.10.5+9/
[   +6 ms] Found plugin camera_web at /home/rafiq/.pub-cache/hosted/pub.dev/camera_web-0.3.2+4/
[  +14 ms] Found plugin camera_avfoundation at /home/rafiq/.pub-cache/hosted/pub.dev/camera_avfoundation-0.9.14+1/
[   +8 ms] Found plugin camera_android at /home/rafiq/.pub-cache/hosted/pub.dev/camera_android-0.10.8+16/
[ +283 ms] Found plugin qr_code_scanner at /home/rafiq/.pub-cache/hosted/pub.dev/qr_code_scanner-1.0.1/
[  +14 ms] Found plugin permission_handler at /home/rafiq/.pub-cache/hosted/pub.dev/permission_handler-11.3.0/
[  +11 ms] Found plugin permission_handler_windows at /home/rafiq/.pub-cache/hosted/pub.dev/permission_handler_windows-0.2.1/
[  +63 ms] Found plugin permission_handler_html at /home/rafiq/.pub-cache/hosted/pub.dev/permission_handler_html-0.1.1/
[  +22 ms] Found plugin permission_handler_apple at /home/rafiq/.pub-cache/hosted/pub.dev/permission_handler_apple-9.4.0/
[  +20 ms] Found plugin permission_handler_android at /home/rafiq/.pub-cache/hosted/pub.dev/permission_handler_android-12.0.5/
[  +16 ms] Found plugin path_provider at /home/rafiq/.pub-cache/hosted/pub.dev/path_provider-2.1.2/
[   +9 ms] Found plugin path_provider_windows at /home/rafiq/.pub-cache/hosted/pub.dev/path_provider_windows-2.2.1/
[  +15 ms] Found plugin path_provider_linux at /home/rafiq/.pub-cache/hosted/pub.dev/path_provider_linux-2.2.1/
[   +6 ms] Found plugin path_provider_foundation at /home/rafiq/.pub-cache/hosted/pub.dev/path_provider_foundation-2.3.2/
[   +3 ms] Found plugin path_provider_android at /home/rafiq/.pub-cache/hosted/pub.dev/path_provider_android-2.2.2/
[   +6 ms] Found plugin image_picker at /home/rafiq/.pub-cache/hosted/pub.dev/image_picker-1.0.7/
[   +5 ms] Found plugin image_picker_windows at /home/rafiq/.pub-cache/hosted/pub.dev/image_picker_windows-0.2.1+1/
[  +25 ms] Found plugin file_selector_windows at /home/rafiq/.pub-cache/hosted/pub.dev/file_selector_windows-0.9.3+1/
[  +11 ms] Found plugin image_picker_macos at /home/rafiq/.pub-cache/hosted/pub.dev/image_picker_macos-0.2.1+1/
[  +10 ms] Found plugin file_selector_macos at /home/rafiq/.pub-cache/hosted/pub.dev/file_selector_macos-0.9.3+3/
[  +24 ms] Found plugin image_picker_linux at /home/rafiq/.pub-cache/hosted/pub.dev/image_picker_linux-0.2.1+1/
[  +25 ms] Found plugin file_selector_linux at /home/rafiq/.pub-cache/hosted/pub.dev/file_selector_linux-0.9.2+1/
[  +21 ms] Found plugin image_picker_ios at /home/rafiq/.pub-cache/hosted/pub.dev/image_picker_ios-0.8.9+1/
[  +30 ms] Found plugin image_picker_for_web at /home/rafiq/.pub-cache/hosted/pub.dev/image_picker_for_web-3.0.6/
[  +15 ms] Found plugin image_picker_android at /home/rafiq/.pub-cache/hosted/pub.dev/image_picker_android-0.8.9+3/
[   +7 ms] Found plugin flutter_plugin_android_lifecycle at /home/rafiq/.pub-cache/hosted/pub.dev/flutter_plugin_android_lifecycle-2.0.33/
[   +9 ms] Found plugin image_gallery_saver at /home/rafiq/.pub-cache/hosted/pub.dev/image_gallery_saver-2.0.3/
[  +14 ms] Found plugin google_mlkit_translation at /home/rafiq/.pub-cache/hosted/pub.dev/google_mlkit_translation-0.9.0/
[   +5 ms] Found plugin google_mlkit_commons at /home/rafiq/.pub-cache/hosted/pub.dev/google_mlkit_commons-0.6.1/
[  +10 ms] Found plugin google_mlkit_text_recognition at /home/rafiq/.pub-cache/hosted/pub.dev/google_mlkit_text_recognition-0.11.0/
[   +7 ms] Found plugin google_mlkit_smart_reply at /home/rafiq/.pub-cache/hosted/pub.dev/google_mlkit_smart_reply-0.9.0/
[   +3 ms] Found plugin google_mlkit_selfie_segmentation at /home/rafiq/.pub-cache/hosted/pub.dev/google_mlkit_selfie_segmentation-0.6.0/
[   +6 ms] Found plugin google_mlkit_pose_detection at /home/rafiq/.pub-cache/hosted/pub.dev/google_mlkit_pose_detection-0.10.0/
[   +5 ms] Found plugin google_mlkit_object_detection at /home/rafiq/.pub-cache/hosted/pub.dev/google_mlkit_object_detection-0.11.0/
[   +5 ms] Found plugin google_mlkit_language_id at /home/rafiq/.pub-cache/hosted/pub.dev/google_mlkit_language_id-0.9.0/
[   +4 ms] Found plugin google_mlkit_image_labeling at /home/rafiq/.pub-cache/hosted/pub.dev/google_mlkit_image_labeling-0.10.0/
[   +7 ms] Found plugin google_mlkit_face_mesh_detection at /home/rafiq/.pub-cache/hosted/pub.dev/google_mlkit_face_mesh_detection-0.0.2/
[   +7 ms] Found plugin google_mlkit_face_detection at /home/rafiq/.pub-cache/hosted/pub.dev/google_mlkit_face_detection-0.9.0/
[  +14 ms] Found plugin google_mlkit_entity_extraction at /home/rafiq/.pub-cache/hosted/pub.dev/google_mlkit_entity_extraction-0.11.0/
[  +13 ms] Found plugin google_mlkit_digital_ink_recognition at /home/rafiq/.pub-cache/hosted/pub.dev/google_mlkit_digital_ink_recognition-0.10.0/
[  +26 ms] Found plugin google_mlkit_barcode_scanning at /home/rafiq/.pub-cache/hosted/pub.dev/google_mlkit_barcode_scanning-0.10.0/
[  +46 ms] Found plugin gallery_saver at /home/rafiq/.pub-cache/hosted/pub.dev/gallery_saver-2.3.2/
[  +10 ms] Found plugin flutter_pdfview at /home/rafiq/.pub-cache/hosted/pub.dev/flutter_pdfview-1.3.2/
[   +6 ms] Found plugin file_picker at /home/rafiq/.pub-cache/hosted/pub.dev/file_picker-10.3.8/
[  +18 ms] Found plugin camera at /home/rafiq/.pub-cache/hosted/pub.dev/camera-0.10.5+9/
[  +16 ms] Found plugin camera_web at /home/rafiq/.pub-cache/hosted/pub.dev/camera_web-0.3.2+4/
[  +25 ms] Found plugin camera_avfoundation at /home/rafiq/.pub-cache/hosted/pub.dev/camera_avfoundation-0.9.14+1/
[  +13 ms] Found plugin camera_android at /home/rafiq/.pub-cache/hosted/pub.dev/camera_android-0.10.8+16/
[  +65 ms] Skipping generating web_plugin_registrant.dart because it is up-to-date.
[ +266 ms] Found plugin qr_code_scanner at /home/rafiq/.pub-cache/hosted/pub.dev/qr_code_scanner-1.0.1/
[  +15 ms] Found plugin permission_handler at /home/rafiq/.pub-cache/hosted/pub.dev/permission_handler-11.3.0/
[   +9 ms] Found plugin permission_handler_windows at /home/rafiq/.pub-cache/hosted/pub.dev/permission_handler_windows-0.2.1/
[  +29 ms] Found plugin permission_handler_html at /home/rafiq/.pub-cache/hosted/pub.dev/permission_handler_html-0.1.1/
[  +14 ms] Found plugin permission_handler_apple at /home/rafiq/.pub-cache/hosted/pub.dev/permission_handler_apple-9.4.0/
[  +10 ms] Found plugin permission_handler_android at /home/rafiq/.pub-cache/hosted/pub.dev/permission_handler_android-12.0.5/
[  +13 ms] Found plugin path_provider at /home/rafiq/.pub-cache/hosted/pub.dev/path_provider-2.1.2/
[   +8 ms] Found plugin path_provider_windows at /home/rafiq/.pub-cache/hosted/pub.dev/path_provider_windows-2.2.1/
[  +32 ms] Found plugin path_provider_linux at /home/rafiq/.pub-cache/hosted/pub.dev/path_provider_linux-2.2.1/
[   +6 ms] Found plugin path_provider_foundation at /home/rafiq/.pub-cache/hosted/pub.dev/path_provider_foundation-2.3.2/
[  +13 ms] Found plugin path_provider_android at /home/rafiq/.pub-cache/hosted/pub.dev/path_provider_android-2.2.2/
[  +16 ms] Found plugin image_picker at /home/rafiq/.pub-cache/hosted/pub.dev/image_picker-1.0.7/
[   +7 ms] Found plugin image_picker_windows at /home/rafiq/.pub-cache/hosted/pub.dev/image_picker_windows-0.2.1+1/
[  +21 ms] Found plugin file_selector_windows at /home/rafiq/.pub-cache/hosted/pub.dev/file_selector_windows-0.9.3+1/
[   +9 ms] Found plugin image_picker_macos at /home/rafiq/.pub-cache/hosted/pub.dev/image_picker_macos-0.2.1+1/
[   +3 ms] Found plugin file_selector_macos at /home/rafiq/.pub-cache/hosted/pub.dev/file_selector_macos-0.9.3+3/
[   +2 ms] Found plugin image_picker_linux at /home/rafiq/.pub-cache/hosted/pub.dev/image_picker_linux-0.2.1+1/
[   +3 ms] Found plugin file_selector_linux at /home/rafiq/.pub-cache/hosted/pub.dev/file_selector_linux-0.9.2+1/
[  +11 ms] Found plugin image_picker_ios at /home/rafiq/.pub-cache/hosted/pub.dev/image_picker_ios-0.8.9+1/
[   +4 ms] Found plugin image_picker_for_web at /home/rafiq/.pub-cache/hosted/pub.dev/image_picker_for_web-3.0.6/
[  +11 ms] Found plugin image_picker_android at /home/rafiq/.pub-cache/hosted/pub.dev/image_picker_android-0.8.9+3/
[   +4 ms] Found plugin flutter_plugin_android_lifecycle at /home/rafiq/.pub-cache/hosted/pub.dev/flutter_plugin_android_lifecycle-2.0.33/
[   +6 ms] Found plugin image_gallery_saver at /home/rafiq/.pub-cache/hosted/pub.dev/image_gallery_saver-2.0.3/
[  +10 ms] Found plugin google_mlkit_translation at /home/rafiq/.pub-cache/hosted/pub.dev/google_mlkit_translation-0.9.0/
[   +7 ms] Found plugin google_mlkit_commons at /home/rafiq/.pub-cache/hosted/pub.dev/google_mlkit_commons-0.6.1/
[   +6 ms] Found plugin google_mlkit_text_recognition at /home/rafiq/.pub-cache/hosted/pub.dev/google_mlkit_text_recognition-0.11.0/
[  +10 ms] Found plugin google_mlkit_smart_reply at /home/rafiq/.pub-cache/hosted/pub.dev/google_mlkit_smart_reply-0.9.0/
[  +10 ms] Found plugin google_mlkit_selfie_segmentation at /home/rafiq/.pub-cache/hosted/pub.dev/google_mlkit_selfie_segmentation-0.6.0/
[  +10 ms] Found plugin google_mlkit_pose_detection at /home/rafiq/.pub-cache/hosted/pub.dev/google_mlkit_pose_detection-0.10.0/
[  +19 ms] Found plugin google_mlkit_object_detection at /home/rafiq/.pub-cache/hosted/pub.dev/google_mlkit_object_detection-0.11.0/
[  +21 ms] Found plugin google_mlkit_language_id at /home/rafiq/.pub-cache/hosted/pub.dev/google_mlkit_language_id-0.9.0/
[   +5 ms] Found plugin google_mlkit_image_labeling at /home/rafiq/.pub-cache/hosted/pub.dev/google_mlkit_image_labeling-0.10.0/
[   +8 ms] Found plugin google_mlkit_face_mesh_detection at /home/rafiq/.pub-cache/hosted/pub.dev/google_mlkit_face_mesh_detection-0.0.2/
[  +15 ms] Found plugin google_mlkit_face_detection at /home/rafiq/.pub-cache/hosted/pub.dev/google_mlkit_face_detection-0.9.0/
[  +17 ms] Found plugin google_mlkit_entity_extraction at /home/rafiq/.pub-cache/hosted/pub.dev/google_mlkit_entity_extraction-0.11.0/
[   +9 ms] Found plugin google_mlkit_digital_ink_recognition at /home/rafiq/.pub-cache/hosted/pub.dev/google_mlkit_digital_ink_recognition-0.10.0/
[   +7 ms] Found plugin google_mlkit_barcode_scanning at /home/rafiq/.pub-cache/hosted/pub.dev/google_mlkit_barcode_scanning-0.10.0/
[   +9 ms] Found plugin gallery_saver at /home/rafiq/.pub-cache/hosted/pub.dev/gallery_saver-2.3.2/
[   +5 ms] Found plugin flutter_pdfview at /home/rafiq/.pub-cache/hosted/pub.dev/flutter_pdfview-1.3.2/
[   +3 ms] Found plugin file_picker at /home/rafiq/.pub-cache/hosted/pub.dev/file_picker-10.3.8/
[  +17 ms] Found plugin camera at /home/rafiq/.pub-cache/hosted/pub.dev/camera-0.10.5+9/
[  +14 ms] Found plugin camera_web at /home/rafiq/.pub-cache/hosted/pub.dev/camera_web-0.3.2+4/
[  +14 ms] Found plugin camera_avfoundation at /home/rafiq/.pub-cache/hosted/pub.dev/camera_avfoundation-0.9.14+1/
[   +7 ms] Found plugin camera_android at /home/rafiq/.pub-cache/hosted/pub.dev/camera_android-0.10.8+16/
[  +37 ms] Generating /home/rafiq/flutter_app/OneApp/android/app/src/main/java/io/flutter/plugins/GeneratedPluginRegistrant.java
[  +14 ms] Skipping generating GeneratedPluginRegistrant.java because it is up-to-date.
[  +49 ms] Skipping generating generated_plugin_registrant.h because it is up-to-date.
[   +5 ms] Skipping generating generated_plugin_registrant.cc because it is up-to-date.
[   +6 ms] Skipping generating generated_plugins.cmake because it is up-to-date.
[  +11 ms] Skipping generating generated_plugin_registrant.h because it is up-to-date.
[   +3 ms] Skipping generating generated_plugin_registrant.cc because it is up-to-date.
[   +8 ms] Skipping generating generated_plugins.cmake because it is up-to-date.
[  +11 ms] Skipping generating GeneratedPluginRegistrant.h because it is up-to-date.
[   +7 ms] Skipping generating GeneratedPluginRegistrant.m because it is up-to-date.
[   +4 ms] Skipping generating GeneratedPluginRegistrant.swift because it is up-to-date.
[ +202 ms] executing: /snap/android-studio/209/jbr/bin/java -version
[ +230 ms] Exit code 0 from: /snap/android-studio/209/jbr/bin/java -version
[        ] openjdk version "21.0.7" 2025-04-15
           OpenJDK Runtime Environment (build 21.0.7+-13880790-b1038.58)
           OpenJDK 64-Bit Server VM (build 21.0.7+-13880790-b1038.58, mixed mode)
[   +5 ms] executing: /opt/android-studio/jbr/bin/java -version
[ +216 ms] Exit code 0 from: /opt/android-studio/jbr/bin/java -version
[   +3 ms] openjdk version "21.0.8" 2025-07-15
           OpenJDK Runtime Environment (build 21.0.8+-14196175-b1038.72)
           OpenJDK 64-Bit Server VM (build 21.0.8+-14196175-b1038.72, mixed mode)
[  +39 ms] executing: /snap/android-studio/209/jbr/bin/java --version
[ +255 ms] Exit code 0 from: /snap/android-studio/209/jbr/bin/java --version
[   +5 ms] openjdk 21.0.7 2025-04-15
           OpenJDK Runtime Environment (build 21.0.7+-13880790-b1038.58)
           OpenJDK 64-Bit Server VM (build 21.0.7+-13880790-b1038.58, mixed mode)
[  +12 ms] Version of Java is different than impacted version, no migration attempted.
[ +121 ms] CMake project not found, skipping support Android 15 16k page size migration.
[  +14 ms] Using gradle from /home/rafiq/flutter_app/OneApp/android/gradlew.
[ +106 ms] LocalFile: '/home/rafiq/flutter_app/OneApp/android/build.gradle' doesn't provide an AGP version. Checking settings.
[   +5 ms] LocalFile: '/home/rafiq/flutter_app/OneApp/android/settings.gradle' provides AGP version: 7.3.1
[  +19 ms] Running Gradle task 'assembleDebug'...
[   +5 ms] executing: [/home/rafiq/flutter_app/OneApp/android/] /home/rafiq/flutter_app/OneApp/android/gradlew --full-stacktrace --info -Pverbose=true -Ptarget-platform=android-arm,android-arm64,android-x64 -Ptarget=lib/main.dart -Pbase-application-name=android.app.Application -Pdart-defines=RkxVVFRFUl9WRVJTSU9OPTMuMzguNQ==,RkxVVFRFUl9DSEFOTkVMPXN0YWJsZQ==,RkxVVFRFUl9HSVRfVVJMPWh0dHBzOi8vZ2l0aHViLmNvbS9mbHV0dGVyL2ZsdXR0ZXIuZ2l0,RkxVVFRFUl9GUkFNRVdPUktfUkVWSVNJT049ZjZmZjE1MjlmZA==,RkxVVFRFUl9FTkdJTkVfUkVWSVNJT049MTUyN2FlMGVjNQ==,RkxVVFRFUl9EQVJUX1ZFUlNJT049My4xMC40 -Pdart-obfuscation=false -Ptrack-widget-creation=true -Ptree-shake-icons=false assembleDebug
[+1286 ms] Initialized native services in: /home/rafiq/.gradle/native
[   +1 ms] Initialized jansi services in: /home/rafiq/.gradle/native
[ +815 ms] Found daemon DaemonInfo{pid=8621, address=[ac9e75a4-4741-4237-87c7-71ea4a6ee406 port:46535, addresses:[/127.0.0.1]], state=Idle, lastBusy=1767371538566, context=DefaultDaemonContext[uid=ca41ff9b-c900-4740-bbf0-16d54616101a,javaHome=/usr/lib/jvm/java-17-openjdk-amd64,daemonRegistryDir=/home/rafiq/.gradle/daemon,pid=8621,idleTimeout=10800000,priority=NORMAL,daemonOpts=--add-opens,java.base/java.util=ALL-UNNAMED,--add-opens,java.base/java.lang=ALL-UNNAMED,--add-opens,java.base/java.lang.invoke=ALL-UNNAMED,--add-opens,java.base/java.util=ALL-UNNAMED,--add-opens,java.prefs/java.util.prefs=ALL-UNNAMED,--add-opens,java.prefs/java.util.prefs=ALL-UNNAMED,--add-opens,java.base/java.nio.charset=ALL-UNNAMED,--add-opens,java.base/java.net=ALL-UNNAMED,--add-opens,java.base/java.util.concurrent.atomic=ALL-UNNAMED,-Xmx1536M,-Dfile.encoding=utf8,-Duser.country=US,-Duser.language=en,-Duser.variant]} however its context does not match the desired criteria.
[   +9 ms] Java home is different.
[   +4 ms] Wanted: DefaultDaemonContext[uid=null,javaHome=/snap/android-studio/209/jbr,daemonRegistryDir=/home/rafiq/.gradle/daemon,pid=18862,idleTimeout=null,priority=NORMAL,daemonOpts=--add-opens,java.base/java.util=ALL-UNNAMED,--add-opens,java.base/java.lang=ALL-UNNAMED,--add-opens,java.base/java.lang.invoke=ALL-UNNAMED,--add-opens,java.base/java.util=ALL-UNNAMED,--add-opens,java.prefs/java.util.prefs=ALL-UNNAMED,--add-opens,java.prefs/java.util.prefs=ALL-UNNAMED,--add-opens,java.base/java.nio.charset=ALL-UNNAMED,--add-opens,java.base/java.net=ALL-UNNAMED,--add-opens,java.base/java.util.concurrent.atomic=ALL-UNNAMED,-Xmx1536M,-Dfile.encoding=UTF-8,-Duser.country=US,-Duser.language=en,-Duser.variant]
[  +12 ms] Actual: DefaultDaemonContext[uid=ca41ff9b-c900-4740-bbf0-16d54616101a,javaHome=/usr/lib/jvm/java-17-openjdk-amd64,daemonRegistryDir=/home/rafiq/.gradle/daemon,pid=8621,idleTimeout=10800000,priority=NORMAL,daemonOpts=--add-opens,java.base/java.util=ALL-UNNAMED,--add-opens,java.base/java.lang=ALL-UNNAMED,--add-opens,java.base/java.lang.invoke=ALL-UNNAMED,--add-opens,java.base/java.util=ALL-UNNAMED,--add-opens,java.prefs/java.util.prefs=ALL-UNNAMED,--add-opens,java.prefs/java.util.prefs=ALL-UNNAMED,--add-opens,java.base/java.nio.charset=ALL-UNNAMED,--add-opens,java.base/java.net=ALL-UNNAMED,--add-opens,java.base/java.util.concurrent.atomic=ALL-UNNAMED,-Xmx1536M,-Dfile.encoding=utf8,-Duser.country=US,-Duser.language=en,-Duser.variant]
[   +7 ms]   Looking for a different daemon...
[  +66 ms] The client will now receive all logging from the daemon (pid: 8555). The daemon log file: /home/rafiq/.gradle/daemon/7.5/daemon-8555.out.log
[   +5 ms] Starting 8th build in daemon [uptime: 16 mins 1.64 secs, performance: 100%]
[   +6 ms] Using 8 worker leases.
[  +93 ms] Now considering [/home/rafiq/flutter_app/OneApp/android, /home/rafiq/flutter/packages/flutter_tools/gradle] as hierarchies to watch
[   +4 ms] Watching the file system is configured to be enabled if available
[  +88 ms] File system watching is active
[   +7 ms] Starting Build
[   +1 ms] Now considering [/home/rafiq/flutter/packages/flutter_tools/gradle, /home/rafiq/flutter_app/OneApp/android] as hierarchies to watch
[+1373 ms] > Configure project :gradle
[   +6 ms] Evaluating project ':gradle' using build file '/home/rafiq/flutter/packages/flutter_tools/gradle/build.gradle.kts'.
[   +9 ms] Using Kotlin Gradle Plugin gradle75 variant
[  +22 ms] kotlin scripting plugin: created the scripting discovery configuration: kotlinScriptDef
[  +12 ms] kotlin scripting plugin: created the scripting discovery configuration: testKotlinScriptDef
[   +7 ms] WARNING: Unsupported Kotlin plugin version.
[   +1 ms] The `embedded-kotlin` and `kotlin-dsl` plugins rely on features of Kotlin `1.6.21` that might work differently than in the requested version `1.9.20`.
[   +1 ms] file or directory '/home/rafiq/flutter/packages/flutter_tools/gradle/src/main/resources', not found
[        ] file or directory '/home/rafiq/flutter/packages/flutter_tools/gradle/src/main/java', not found
[        ] file or directory '/home/rafiq/flutter/packages/flutter_tools/gradle/src/main/groovy', not found
[        ] Caching disabled for Kotlin DSL accessors for project ':gradle' because:
[        ]   Build cache is disabled
[        ] Skipping Kotlin DSL accessors for project ':gradle' as it is up-to-date.
[ +249 ms] Resolve mutations for :gradle:checkKotlinGradlePluginConfigurationErrors (Thread[#444,Execution worker,5,main]) started.
[ +101 ms] Resolve mutations for :gradle:checkKotlinGradlePluginConfigurationErrors (Thread[#444,Execution worker,5,main]) completed. Took 0.01 secs.
[  +11 ms] :gradle:checkKotlinGradlePluginConfigurationErrors (Thread[#448,Execution worker Thread 5,5,main]) started.
[   +7 ms] > Task :gradle:checkKotlinGradlePluginConfigurationErrors
[   +3 ms] Caching disabled for task ':gradle:checkKotlinGradlePluginConfigurationErrors' because:
[        ]   Build cache is disabled
[        ] Task ':gradle:checkKotlinGradlePluginConfigurationErrors' is not up-to-date because:
[        ]   Task has not declared any outputs despite executing actions.
[   +3 ms] :gradle:checkKotlinGradlePluginConfigurationErrors (Thread[#448,Execution worker Thread 5,5,main]) completed. Took 0.031 secs.
[   +1 ms] Resolve mutations for :gradle:compileKotlin (Thread[#448,Execution worker Thread 5,5,main]) started.
[   +2 ms] :gradle:compileKotlin (Thread[#443,included builds,5,main]) started.
[   +2 ms] Resolve mutations for :gradle:compileKotlin (Thread[#448,Execution worker Thread 5,5,main]) completed. Took 0.007 secs.
[ +663 ms] Resolve mutations for :gradle:pluginDescriptors (Thread[#445,Execution worker Thread 2,5,main]) started.
[   +2 ms] Resolve mutations for :gradle:pluginDescriptors (Thread[#445,Execution worker Thread 2,5,main]) completed. Took 0.0 secs.
[        ] :gradle:pluginDescriptors (Thread[#450,Execution worker Thread 7,5,main]) started.
[   +2 ms] > Task :gradle:pluginDescriptors UP-TO-DATE
[        ] Caching disabled for task ':gradle:pluginDescriptors' because:
[   +1 ms]   Build cache is disabled
[   +3 ms] Skipping task ':gradle:pluginDescriptors' as it is up-to-date.
[  +11 ms] :gradle:pluginDescriptors (Thread[#450,Execution worker Thread 7,5,main]) completed. Took 0.001 secs.
[        ] Resolve mutations for :gradle:processResources (Thread[#445,Execution worker Thread 2,5,main]) started.
[   +4 ms] Resolve mutations for :gradle:processResources (Thread[#445,Execution worker Thread 2,5,main]) completed. Took 0.001 secs.
[   +3 ms] :gradle:processResources (Thread[#450,Execution worker Thread 7,5,main]) started.
[        ] > Task :gradle:processResources UP-TO-DATE
[        ] Caching disabled for task ':gradle:processResources' because:
[        ]   Build cache is disabled
[        ] Skipping task ':gradle:processResources' as it is up-to-date.
[        ] :gradle:processResources (Thread[#450,Execution worker Thread 7,5,main]) completed. Took 0.009 secs.
[+1281 ms] > Task :gradle:compileKotlin
[        ] Transforming gradle-api-7.5.jar with ClasspathEntrySnapshotTransform
[        ] Transforming groovy-3.0.10.jar with ClasspathEntrySnapshotTransform
[        ] Transforming groovy-ant-3.0.10.jar with ClasspathEntrySnapshotTransform
[        ] Transforming groovy-astbuilder-3.0.10.jar with ClasspathEntrySnapshotTransform
[   +5 ms] Transforming groovy-console-3.0.10.jar with ClasspathEntrySnapshotTransform
[        ] Transforming groovy-datetime-3.0.10.jar with ClasspathEntrySnapshotTransform
[   +1 ms] Transforming groovy-dateutil-3.0.10.jar with ClasspathEntrySnapshotTransform
[   +1 ms] Transforming groovy-groovydoc-3.0.10.jar with ClasspathEntrySnapshotTransform
[   +2 ms] Transforming groovy-json-3.0.10.jar with ClasspathEntrySnapshotTransform
[   +1 ms] Transforming groovy-nio-3.0.10.jar with ClasspathEntrySnapshotTransform
[   +1 ms] Transforming groovy-sql-3.0.10.jar with ClasspathEntrySnapshotTransform
[   +5 ms] Transforming groovy-templates-3.0.10.jar with ClasspathEntrySnapshotTransform
[   +3 ms] Transforming groovy-test-3.0.10.jar with ClasspathEntrySnapshotTransform
[  +13 ms] Transforming groovy-xml-3.0.10.jar with ClasspathEntrySnapshotTransform
[  +31 ms] Transforming javaparser-core-3.17.0.jar with ClasspathEntrySnapshotTransform
[  +12 ms] Transforming kotlin-stdlib-1.6.21.jar with ClasspathEntrySnapshotTransform
[   +5 ms] Transforming kotlin-stdlib-common-1.6.21.jar with ClasspathEntrySnapshotTransform
[   +2 ms] Transforming kotlin-stdlib-jdk7-1.6.21.jar with ClasspathEntrySnapshotTransform
[        ] Transforming kotlin-stdlib-jdk8-1.6.21.jar with ClasspathEntrySnapshotTransform
[        ] Transforming kotlin-reflect-1.6.21.jar with ClasspathEntrySnapshotTransform
[        ] Transforming gradle-installation-beacon-7.5.jar with ClasspathEntrySnapshotTransform
[        ] Transforming gradle-kotlin-dsl-extensions-7.5.jar with ClasspathEntrySnapshotTransform
[        ] Transforming gradle-kotlin-dsl-7.5.jar with ClasspathEntrySnapshotTransform
[        ] Transforming gradle-kotlin-dsl-tooling-models-7.5.jar with ClasspathEntrySnapshotTransform
[        ] Transforming annotation-jvm-1.9.1.jar with ClasspathEntrySnapshotTransform
[        ] Transforming gradle-8.11.1.jar with ClasspathEntrySnapshotTransform
[        ] Transforming kotlin-reflect-1.6.21.jar with ClasspathEntrySnapshotTransform
[        ] Transforming kotlinx-serialization-json-jvm-1.4.0.jar with ClasspathEntrySnapshotTransform
[   +1 ms] Transforming kotlinx-serialization-core-jvm-1.4.0.jar with ClasspathEntrySnapshotTransform
[   +1 ms] Transforming kotlin-stdlib-jdk7-1.8.0.jar with ClasspathEntrySnapshotTransform
[   +1 ms] Transforming kotlin-stdlib-1.9.24.jar with ClasspathEntrySnapshotTransform
[   +2 ms] Transforming kotlin-stdlib-jdk8-1.8.0.jar with ClasspathEntrySnapshotTransform
[   +5 ms] Transforming kotlin-gradle-plugin-1.8.0-gradle75.jar with ClasspathEntrySnapshotTransform
[   +1 ms] Transforming builder-8.11.1.jar with ClasspathEntrySnapshotTransform
[   +3 ms] Transforming builder-model-8.11.1.jar with ClasspathEntrySnapshotTransform
[   +4 ms] Transforming gradle-api-8.11.1.jar with ClasspathEntrySnapshotTransform
[   +3 ms] Transforming kotlin-gradle-plugin-model-1.8.0.jar with ClasspathEntrySnapshotTransform
[        ] Transforming kotlin-gradle-plugin-api-1.8.0-gradle75.jar with ClasspathEntrySnapshotTransform
[        ] Transforming kotlin-gradle-plugin-api-1.8.0.jar with ClasspathEntrySnapshotTransform
[        ] Transforming kotlin-tooling-core-1.8.0.jar with ClasspathEntrySnapshotTransform
[   +8 ms] Transforming annotations-13.0.jar with ClasspathEntrySnapshotTransform
[   +3 ms] Transforming manifest-merger-31.11.1.jar with ClasspathEntrySnapshotTransform
[   +4 ms] Transforming zipflinger-8.11.1.jar with ClasspathEntrySnapshotTransform
[   +1 ms] Transforming apksig-8.11.1.jar with ClasspathEntrySnapshotTransform
[   +1 ms] Transforming apkzlib-8.11.1.jar with ClasspathEntrySnapshotTransform
[   +1 ms] Transforming javawriter-2.5.0.jar with ClasspathEntrySnapshotTransform
[   +1 ms] Transforming asm-9.7.1.jar with ClasspathEntrySnapshotTransform
[   +1 ms] Transforming kotlin-native-utils-1.8.0.jar with ClasspathEntrySnapshotTransform
[   +1 ms] Transforming kotlin-project-model-1.8.0.jar with ClasspathEntrySnapshotTransform
[   +3 ms] Transforming kotlin-util-io-1.8.0.jar with ClasspathEntrySnapshotTransform
[   +6 ms] Caching disabled for task ':gradle:compileKotlin' because:
[   +1 ms]   Build cache is disabled
[   +5 ms] Task ':gradle:compileKotlin' is not up-to-date because:
[   +2 ms]   Task has failed previously.
[   +5 ms] The input changes require a full rebuild for incremental task ':gradle:compileKotlin'.
[   +6 ms] Watching 16 directories to track changes
[   +5 ms] Watching 15 directories to track changes
[   +2 ms] Watching 10 directories to track changes
[   +1 ms] file or directory '/home/rafiq/flutter/packages/flutter_tools/gradle/src/main/java', not found
[   +6 ms] file or directory '/home/rafiq/flutter/packages/flutter_tools/gradle/src/main/java', not found
[   +2 ms] file or directory '/home/rafiq/flutter/packages/flutter_tools/gradle/src/main/java', not found
[   +8 ms] file or directory '/home/rafiq/flutter/packages/flutter_tools/gradle/src/main/java', not found
[   +4 ms] Kotlin source files: /home/rafiq/flutter/packages/flutter_tools/gradle/src/main/kotlin/DependencyVersionChecker.kt, /home/rafiq/flutter/packages/flutter_tools/gradle/src/main/kotlin/plugins/PluginHandler.kt, /home/rafiq/flutter/packages/flutter_tools/gradle/src/main/kotlin/BaseApplicationNameHandler.kt, /home/rafiq/flutter/packages/flutter_tools/gradle/src/main/kotlin/FlutterPlugin.kt, /home/rafiq/flutter/packages/flutter_tools/gradle/src/main/kotlin/FlutterAppPluginLoaderPlugin.kt, /home/rafiq/flutter/packages/flutter_tools/gradle/src/main/kotlin/VersionUtils.kt, /home/rafiq/flutter/packages/flutter_tools/gradle/src/main/kotlin/Deeplink.kt, /home/rafiq/flutter/packages/flutter_tools/gradle/src/main/kotlin/VersionFetcher.kt, /home/rafiq/flutter/packages/flutter_tools/gradle/src/main/kotlin/tasks/BaseFlutterTask.kt, /home/rafiq/flutter/packages/flutter_tools/gradle/src/main/kotlin/tasks/DeepLinkJsonFromManifestTaskHelper.kt, /home/rafiq/flutter/packages/flutter_tools/gradle/src/main/kotlin/tasks/BaseFlutterTaskHelper.kt, /home/rafiq/flutter/packages/flutter_tools/gradle/src/main/kotlin/tasks/DeepLinkJsonFromManifestTask.kt, /home/rafiq/flutter/packages/flutter_tools/gradle/src/main/kotlin/tasks/FlutterTaskHelper.kt, /home/rafiq/flutter/packages/flutter_tools/gradle/src/main/kotlin/tasks/FlutterTask.kt, /home/rafiq/flutter/packages/flutter_tools/gradle/src/main/kotlin/FlutterPluginUtils.kt, /home/rafiq/flutter/packages/flutter_tools/gradle/src/main/kotlin/IntentFilterCheck.kt, /home/rafiq/flutter/packages/flutter_tools/gradle/src/main/kotlin/FlutterExtension.kt, /home/rafiq/flutter/packages/flutter_tools/gradle/src/main/kotlin/NativePluginLoaderReflectionBridge.kt, /home/rafiq/flutter/packages/flutter_tools/gradle/src/main/kotlin/FlutterPluginConstants.kt, /home/rafiq/flutter/packages/flutter_tools/gradle/src/main/kotlin/AppLinkSettings.kt
[   +4 ms] Java source files: 
[   +8 ms] Script source files: 
[   +1 ms] Script file extensions: 
[        ] w: Inconsistent JVM-target compatibility detected for tasks 'compileJava' (11) and 'compileKotlin' (1.8).
[   +7 ms] This will become an error in Gradle 8.0.
[   +5 ms] Consider using JVM Toolchain: https://kotl.in/gradle/jvm/toolchain
[   +8 ms] Learn more about JVM-target validation: https://kotl.in/gradle/jvm/target-validation 
[   +3 ms] Using Kotlin/JVM incremental compilation
[   +1 ms] [KOTLIN] Kotlin compilation 'jdkHome' argument: /snap/android-studio/209/jbr
[        ] i: found daemon on port 17210 (196381 ms old), trying to connect
[        ] i: connected to the daemon
[   +1 ms] Options for KOTLIN DAEMON: IncrementalCompilationOptions(super=CompilationOptions(compilerMode=INCREMENTAL_COMPILER, targetPlatform=JVM, reportCategories=[0, 3], reportSeverity=2, requestedCompilationResults=[0], kotlinScriptExtensions=[]), areFileChangesKnown=false, modifiedFiles=null, deletedFiles=null, classpathChanges=NotAvailableForNonIncrementalRun, workingDir=/home/rafiq/flutter/packages/flutter_tools/gradle/build/kotlin/compileKotlin/cacheable, multiModuleICSettings=MultiModuleICSettings(buildHistoryFile=/home/rafiq/flutter/packages/flutter_tools/gradle/build/kotlin/compileKotlin/local-state/build-history.bin, useModuleDetection=false), usePreciseJavaTracking=true, outputFiles=[/home/rafiq/flutter/packages/flutter_tools/gradle/build/classes/kotlin/main, /home/rafiq/flutter/packages/flutter_tools/gradle/build/kotlin/compileKotlin/cacheable, /home/rafiq/flutter/packages/flutter_tools/gradle/build/kotlin/compileKotlin/local-state])
[+6131 ms] e: file:///home/rafiq/flutter/packages/flutter_tools/gradle/src/main/kotlin/FlutterPlugin.kt:744:21 Unresolved reference: filePermissions
[  +12 ms] e: file:///home/rafiq/flutter/packages/flutter_tools/gradle/src/main/kotlin/FlutterPlugin.kt:745:25 Unresolved reference: user
[   +2 ms] e: file:///home/rafiq/flutter/packages/flutter_tools/gradle/src/main/kotlin/FlutterPlugin.kt:746:29 Unresolved reference: read
[   +2 ms] e: file:///home/rafiq/flutter/packages/flutter_tools/gradle/src/main/kotlin/FlutterPlugin.kt:747:29 Unresolved reference: write
[  +85 ms] Watching 11 directories to track changes
[   +1 ms] Watching 12 directories to track changes
[  +14 ms] Watching 17 directories to track changes
[        ] > Task :gradle:compileKotlin FAILED
[        ] :gradle:compileKotlin (Thread[#443,included builds,5,main]) completed. Took 8.469 secs.
[  +11 ms] FAILURE: Build failed with an exception.
[   +9 ms] * What went wrong:
[   +1 ms] Execution failed for task ':gradle:compileKotlin'.
[   +1 ms] > A failure occurred while executing org.jetbrains.kotlin.compilerRunner.GradleCompilerRunnerWithWorkers$GradleKotlinCompilerWorkAction
[   +2 ms]    > Compilation error. See log for more details
[   +1 ms] * Try:
[   +1 ms] > Run with --debug option to get more log output.
[   +1 ms] > Run with --scan to get full insights.
[   +1 ms] * Exception is:
[        ] org.gradle.api.tasks.TaskExecutionException: Execution failed for task ':gradle:compileKotlin'.
[   +1 ms] 	at org.gradle.api.internal.tasks.execution.ExecuteActionsTaskExecuter.lambda$executeIfValid$1(ExecuteActionsTaskExecuter.java:142)
[        ] 	at org.gradle.internal.Try$Failure.ifSuccessfulOrElse(Try.java:282)
[        ] 	at org.gradle.api.internal.tasks.execution.ExecuteActionsTaskExecuter.executeIfValid(ExecuteActionsTaskExecuter.java:140)
[        ] 	at org.gradle.api.internal.tasks.execution.ExecuteActionsTaskExecuter.execute(ExecuteActionsTaskExecuter.java:128)
[        ] 	at org.gradle.api.internal.tasks.execution.CleanupStaleOutputsExecuter.execute(CleanupStaleOutputsExecuter.java:77)
[   +1 ms] 	at org.gradle.api.internal.tasks.execution.FinalizePropertiesTaskExecuter.execute(FinalizePropertiesTaskExecuter.java:46)
[   +2 ms] 	at org.gradle.api.internal.tasks.execution.ResolveTaskExecutionModeExecuter.execute(ResolveTaskExecutionModeExecuter.java:51)
[   +1 ms] 	at org.gradle.api.internal.tasks.execution.SkipTaskWithNoActionsExecuter.execute(SkipTaskWithNoActionsExecuter.java:57)
[   +2 ms] 	at org.gradle.api.internal.tasks.execution.SkipOnlyIfTaskExecuter.execute(SkipOnlyIfTaskExecuter.java:56)
[   +3 ms] 	at org.gradle.api.internal.tasks.execution.CatchExceptionTaskExecuter.execute(CatchExceptionTaskExecuter.java:36)
[   +2 ms] 	at org.gradle.api.internal.tasks.execution.EventFiringTaskExecuter$1.executeTask(EventFiringTaskExecuter.java:77)
[   +1 ms] 	at org.gradle.api.internal.tasks.execution.EventFiringTaskExecuter$1.call(EventFiringTaskExecuter.java:55)
[        ] 	at org.gradle.api.internal.tasks.execution.EventFiringTaskExecuter$1.call(EventFiringTaskExecuter.java:52)
[        ] 	at org.gradle.internal.operations.DefaultBuildOperationRunner$CallableBuildOperationWorker.execute(DefaultBuildOperationRunner.java:204)
[        ] 	at org.gradle.internal.operations.DefaultBuildOperationRunner$CallableBuildOperationWorker.execute(DefaultBuildOperationRunner.java:199)
[   +1 ms] 	at org.gradle.internal.operations.DefaultBuildOperationRunner$2.execute(DefaultBuildOperationRunner.java:66)
[   +2 ms] 	at org.gradle.internal.operations.DefaultBuildOperationRunner$2.execute(DefaultBuildOperationRunner.java:59)
[   +2 ms] 	at org.gradle.internal.operations.DefaultBuildOperationRunner.execute(DefaultBuildOperationRunner.java:157)
[   +1 ms] 	at org.gradle.internal.operations.DefaultBuildOperationRunner.execute(DefaultBuildOperationRunner.java:59)
[   +1 ms] 	at org.gradle.internal.operations.DefaultBuildOperationRunner.call(DefaultBuildOperationRunner.java:53)
[   +1 ms] 	at org.gradle.internal.operations.DefaultBuildOperationExecutor.call(DefaultBuildOperationExecutor.java:73)
[   +1 ms] 	at org.gradle.api.internal.tasks.execution.EventFiringTaskExecuter.execute(EventFiringTaskExecuter.java:52)
[        ] 	at org.gradle.execution.plan.LocalTaskNodeExecutor.execute(LocalTaskNodeExecutor.java:69)
[        ] 	at org.gradle.execution.taskgraph.DefaultTaskExecutionGraph$InvokeNodeExecutorsAction.execute(DefaultTaskExecutionGraph.java:327)
[   +6 ms] 	at org.gradle.execution.taskgraph.DefaultTaskExecutionGraph$InvokeNodeExecutorsAction.execute(DefaultTaskExecutionGraph.java:314)
[  +20 ms] 	at org.gradle.execution.taskgraph.DefaultTaskExecutionGraph$BuildOperationAwareExecutionAction.execute(DefaultTaskExecutionGraph.java:307)
[   +2 ms] 	at org.gradle.execution.taskgraph.DefaultTaskExecutionGraph$BuildOperationAwareExecutionAction.execute(DefaultTaskExecutionGraph.java:293)
[   +5 ms] 	at org.gradle.execution.plan.DefaultPlanExecutor$ExecutorWorker.execute(DefaultPlanExecutor.java:417)
[   +9 ms] 	at org.gradle.execution.plan.DefaultPlanExecutor$ExecutorWorker.run(DefaultPlanExecutor.java:339)
[        ] 	at org.gradle.execution.plan.DefaultPlanExecutor.process(DefaultPlanExecutor.java:96)
[        ] 	at org.gradle.execution.taskgraph.DefaultTaskExecutionGraph.executeWithServices(DefaultTaskExecutionGraph.java:140)
[        ] 	at org.gradle.execution.taskgraph.DefaultTaskExecutionGraph.execute(DefaultTaskExecutionGraph.java:125)
[   +2 ms] 	at org.gradle.execution.SelectedTaskExecutionAction.execute(SelectedTaskExecutionAction.java:39)
[        ] 	at org.gradle.execution.DryRunBuildExecutionAction.execute(DryRunBuildExecutionAction.java:51)
[   +2 ms] 	at org.gradle.execution.BuildOperationFiringBuildWorkerExecutor$ExecuteTasks.call(BuildOperationFiringBuildWorkerExecutor.java:54)
[   +2 ms] 	at org.gradle.execution.BuildOperationFiringBuildWorkerExecutor$ExecuteTasks.call(BuildOperationFiringBuildWorkerExecutor.java:43)
[   +1 ms] 	at org.gradle.internal.operations.DefaultBuildOperationRunner$CallableBuildOperationWorker.execute(DefaultBuildOperationRunner.java:204)
[   +8 ms] 	at org.gradle.internal.operations.DefaultBuildOperationRunner$CallableBuildOperationWorker.execute(DefaultBuildOperationRunner.java:199)
[   +1 ms] 	at org.gradle.internal.operations.DefaultBuildOperationRunner$2.execute(DefaultBuildOperationRunner.java:66)
[   +1 ms] 	at org.gradle.internal.operations.DefaultBuildOperationRunner$2.execute(DefaultBuildOperationRunner.java:59)
[  +12 ms] 	at org.gradle.internal.operations.DefaultBuildOperationRunner.execute(DefaultBuildOperationRunner.java:157)
[   +5 ms] 	at org.gradle.internal.operations.DefaultBuildOperationRunner.execute(DefaultBuildOperationRunner.java:59)
[   +2 ms] 	at org.gradle.internal.operations.DefaultBuildOperationRunner.call(DefaultBuildOperationRunner.java:53)
[        ] 	at org.gradle.internal.operations.DefaultBuildOperationExecutor.call(DefaultBuildOperationExecutor.java:73)
[        ] 	at org.gradle.execution.BuildOperationFiringBuildWorkerExecutor.execute(BuildOperationFiringBuildWorkerExecutor.java:40)
[   +3 ms] 	at org.gradle.internal.build.DefaultBuildLifecycleController.lambda$executeTasks$7(DefaultBuildLifecycleController.java:161)
[   +2 ms] 	at org.gradle.internal.model.StateTransitionController.doTransition(StateTransitionController.java:247)
[   +4 ms] 	at org.gradle.internal.model.StateTransitionController.lambda$tryTransition$7(StateTransitionController.java:174)
[   +3 ms] 	at org.gradle.internal.work.DefaultSynchronizer.withLock(DefaultSynchronizer.java:44)
[   +2 ms] 	at org.gradle.internal.model.StateTransitionController.tryTransition(StateTransitionController.java:174)
[        ] 	at org.gradle.internal.build.DefaultBuildLifecycleController.executeTasks(DefaultBuildLifecycleController.java:161)
[        ] 	at org.gradle.internal.build.DefaultBuildWorkGraphController$DefaultBuildWorkGraph.runWork(DefaultBuildWorkGraphController.java:156)
[        ] 	at org.gradle.internal.work.DefaultWorkerLeaseService.withLocks(DefaultWorkerLeaseService.java:249)
[   +1 ms] 	at org.gradle.internal.work.DefaultWorkerLeaseService.runAsWorkerThread(DefaultWorkerLeaseService.java:109)
[        ] 	at org.gradle.composite.internal.DefaultBuildController.doRun(DefaultBuildController.java:164)
[        ] 	at org.gradle.composite.internal.DefaultBuildController.access$000(DefaultBuildController.java:45)
[        ] 	at org.gradle.composite.internal.DefaultBuildController$BuildOpRunnable.run(DefaultBuildController.java:183)
[        ] 	at java.base/java.util.concurrent.Executors$RunnableAdapter.call(Unknown Source)
[        ] 	at java.base/java.util.concurrent.FutureTask.run(Unknown Source)
[   +2 ms] 	at org.gradle.internal.concurrent.ExecutorPolicy$CatchAndRecordFailures.onExecute(ExecutorPolicy.java:64)
[        ] 	at org.gradle.internal.concurrent.ManagedExecutorImpl$1.run(ManagedExecutorImpl.java:48)
[        ] 	at java.base/java.util.concurrent.ThreadPoolExecutor.runWorker(Unknown Source)
[        ] 	at java.base/java.util.concurrent.ThreadPoolExecutor$Worker.run(Unknown Source)
[        ] 	at java.base/java.lang.Thread.run(Unknown Source)
[   +2 ms] Caused by: org.gradle.workers.internal.DefaultWorkerExecutor$WorkExecutionException: A failure occurred while executing org.jetbrains.kotlin.compilerRunner.GradleCompilerRunnerWithWorkers$GradleKotlinCompilerWorkAction
[   +3 ms] 	at org.gradle.workers.internal.DefaultWorkerExecutor$WorkItemExecution.waitForCompletion(DefaultWorkerExecutor.java:339)
[   +2 ms] 	at org.gradle.internal.work.DefaultAsyncWorkTracker.lambda$waitForItemsAndGatherFailures$2(DefaultAsyncWorkTracker.java:130)
[   +3 ms] 	at org.gradle.internal.Factories$1.create(Factories.java:31)
[   +5 ms] 	at org.gradle.internal.work.DefaultWorkerLeaseService.withoutLocks(DefaultWorkerLeaseService.java:321)
[   +1 ms] 	at org.gradle.internal.work.DefaultWorkerLeaseService.withoutLocks(DefaultWorkerLeaseService.java:304)
[   +3 ms] 	at org.gradle.internal.work.DefaultWorkerLeaseService.withoutLock(DefaultWorkerLeaseService.java:309)
[   +9 ms] 	at org.gradle.internal.work.DefaultAsyncWorkTracker.waitForItemsAndGatherFailures(DefaultAsyncWorkTracker.java:126)
[  +12 ms] 	at org.gradle.internal.work.DefaultAsyncWorkTracker.waitForItemsAndGatherFailures(DefaultAsyncWorkTracker.java:92)
[   +1 ms] 	at org.gradle.internal.work.DefaultAsyncWorkTracker.waitForAll(DefaultAsyncWorkTracker.java:78)
[  +21 ms] 	at org.gradle.internal.work.DefaultAsyncWorkTracker.waitForCompletion(DefaultAsyncWorkTracker.java:66)
[        ] 	at org.gradle.api.internal.tasks.execution.TaskExecution$3.run(TaskExecution.java:244)
[        ] 	at org.gradle.internal.operations.DefaultBuildOperationRunner$1.execute(DefaultBuildOperationRunner.java:29)
[        ] 	at org.gradle.internal.operations.DefaultBuildOperationRunner$1.execute(DefaultBuildOperationRunner.java:26)
[        ] 	at org.gradle.internal.operations.DefaultBuildOperationRunner$2.execute(DefaultBuildOperationRunner.java:66)
[        ] 	at org.gradle.internal.operations.DefaultBuildOperationRunner$2.execute(DefaultBuildOperationRunner.java:59)
[  +16 ms] 	at org.gradle.internal.operations.DefaultBuildOperationRunner.execute(DefaultBuildOperationRunner.java:157)
[   +9 ms] 	at org.gradle.internal.operations.DefaultBuildOperationRunner.execute(DefaultBuildOperationRunner.java:59)
[   +6 ms] 	at org.gradle.internal.operations.DefaultBuildOperationRunner.run(DefaultBuildOperationRunner.java:47)
[   +8 ms] 	at org.gradle.internal.operations.DefaultBuildOperationExecutor.run(DefaultBuildOperationExecutor.java:68)
[  +13 ms] 	at org.gradle.api.internal.tasks.execution.TaskExecution.executeAction(TaskExecution.java:221)
[   +2 ms] 	at org.gradle.api.internal.tasks.execution.TaskExecution.executeActions(TaskExecution.java:204)
[   +3 ms] 	at org.gradle.api.internal.tasks.execution.TaskExecution.executeWithPreviousOutputFiles(TaskExecution.java:187)
[        ] 	at org.gradle.api.internal.tasks.execution.TaskExecution.execute(TaskExecution.java:165)
[        ] 	at org.gradle.internal.execution.steps.ExecuteStep.executeInternal(ExecuteStep.java:89)
[   +7 ms] 	at org.gradle.internal.execution.steps.ExecuteStep.access$000(ExecuteStep.java:40)
[   +3 ms] 	at org.gradle.internal.execution.steps.ExecuteStep$1.call(ExecuteStep.java:53)
[   +1 ms] 	at org.gradle.internal.execution.steps.ExecuteStep$1.call(ExecuteStep.java:50)
[        ] 	at org.gradle.internal.operations.DefaultBuildOperationRunner$CallableBuildOperationWorker.execute(DefaultBuildOperationRunner.java:204)
[        ] 	at org.gradle.internal.operations.DefaultBuildOperationRunner$CallableBuildOperationWorker.execute(DefaultBuildOperationRunner.java:199)
[        ] 	at org.gradle.internal.operations.DefaultBuildOperationRunner$2.execute(DefaultBuildOperationRunner.java:66)
[   +2 ms] 	at org.gradle.internal.operations.DefaultBuildOperationRunner$2.execute(DefaultBuildOperationRunner.java:59)
[        ] 	at org.gradle.internal.operations.DefaultBuildOperationRunner.execute(DefaultBuildOperationRunner.java:157)
[        ] 	at org.gradle.internal.operations.DefaultBuildOperationRunner.execute(DefaultBuildOperationRunner.java:59)
[        ] 	at org.gradle.internal.operations.DefaultBuildOperationRunner.call(DefaultBuildOperationRunner.java:53)
[   +2 ms] 	at org.gradle.internal.operations.DefaultBuildOperationExecutor.call(DefaultBuildOperationExecutor.java:73)
[   +2 ms] 	at org.gradle.internal.execution.steps.ExecuteStep.execute(ExecuteStep.java:50)
[   +5 ms] 	at org.gradle.internal.execution.steps.ExecuteStep.execute(ExecuteStep.java:40)
[        ] 	at org.gradle.internal.execution.steps.RemovePreviousOutputsStep.execute(RemovePreviousOutputsStep.java:68)
[        ] 	at org.gradle.internal.execution.steps.RemovePreviousOutputsStep.execute(RemovePreviousOutputsStep.java:38)
[   +2 ms] 	at org.gradle.internal.execution.steps.CancelExecutionStep.execute(CancelExecutionStep.java:41)
[   +1 ms] 	at org.gradle.internal.execution.steps.TimeoutStep.executeWithoutTimeout(TimeoutStep.java:74)
[        ] 	at org.gradle.internal.execution.steps.TimeoutStep.execute(TimeoutStep.java:55)
[        ] 	at org.gradle.internal.execution.steps.CreateOutputsStep.execute(CreateOutputsStep.java:51)
[        ] 	at org.gradle.internal.execution.steps.CreateOutputsStep.execute(CreateOutputsStep.java:29)
[        ] 	at org.gradle.internal.execution.steps.CaptureStateAfterExecutionStep.executeDelegateBroadcastingChanges(CaptureStateAfterExecutionStep.java:124)
[   +2 ms] 	at org.gradle.internal.execution.steps.CaptureStateAfterExecutionStep.execute(CaptureStateAfterExecutionStep.java:80)
[   +1 ms] 	at org.gradle.internal.execution.steps.CaptureStateAfterExecutionStep.execute(CaptureStateAfterExecutionStep.java:58)
[   +1 ms] 	at org.gradle.internal.execution.steps.ResolveInputChangesStep.execute(ResolveInputChangesStep.java:48)
[   +1 ms] 	at org.gradle.internal.execution.steps.ResolveInputChangesStep.execute(ResolveInputChangesStep.java:36)
[   +1 ms] 	at org.gradle.internal.execution.steps.BuildCacheStep.executeWithoutCache(BuildCacheStep.java:181)
[   +1 ms] 	at org.gradle.internal.execution.steps.BuildCacheStep.lambda$execute$1(BuildCacheStep.java:71)
[   +1 ms] 	at org.gradle.internal.Either$Right.fold(Either.java:175)
[   +3 ms] 	at org.gradle.internal.execution.caching.CachingState.fold(CachingState.java:59)
[   +1 ms] 	at org.gradle.internal.execution.steps.BuildCacheStep.execute(BuildCacheStep.java:69)
[        ] 	at org.gradle.internal.execution.steps.BuildCacheStep.execute(BuildCacheStep.java:47)
[        ] 	at org.gradle.internal.execution.steps.StoreExecutionStateStep.execute(StoreExecutionStateStep.java:36)
[        ] 	at org.gradle.internal.execution.steps.StoreExecutionStateStep.execute(StoreExecutionStateStep.java:25)
[   +2 ms] 	at org.gradle.internal.execution.steps.RecordOutputsStep.execute(RecordOutputsStep.java:36)
[   +1 ms] 	at org.gradle.internal.execution.steps.RecordOutputsStep.execute(RecordOutputsStep.java:22)
[   +1 ms] 	at org.gradle.internal.execution.steps.SkipUpToDateStep.executeBecause(SkipUpToDateStep.java:110)
[   +1 ms] 	at org.gradle.internal.execution.steps.SkipUpToDateStep.lambda$execute$2(SkipUpToDateStep.java:56)
[   +3 ms] 	at java.base/java.util.Optional.orElseGet(Unknown Source)
[        ] 	at org.gradle.internal.execution.steps.SkipUpToDateStep.execute(SkipUpToDateStep.java:56)
[        ] 	at org.gradle.internal.execution.steps.SkipUpToDateStep.execute(SkipUpToDateStep.java:38)
[   +5 ms] 	at org.gradle.internal.execution.steps.ResolveChangesStep.execute(ResolveChangesStep.java:73)
[   +2 ms] 	at org.gradle.internal.execution.steps.ResolveChangesStep.execute(ResolveChangesStep.java:44)
[   +1 ms] 	at org.gradle.internal.execution.steps.legacy.MarkSnapshottingInputsFinishedStep.execute(MarkSnapshottingInputsFinishedStep.java:37)
[   +1 ms] 	at org.gradle.internal.execution.steps.legacy.MarkSnapshottingInputsFinishedStep.execute(MarkSnapshottingInputsFinishedStep.java:27)
[   +2 ms] 	at org.gradle.internal.execution.steps.ResolveCachingStateStep.execute(ResolveCachingStateStep.java:89)
[        ] 	at org.gradle.internal.execution.steps.ResolveCachingStateStep.execute(ResolveCachingStateStep.java:50)
[        ] 	at org.gradle.internal.execution.steps.ValidateStep.execute(ValidateStep.java:114)
[        ] 	at org.gradle.internal.execution.steps.ValidateStep.execute(ValidateStep.java:57)
[   +1 ms] 	at org.gradle.internal.execution.steps.CaptureStateBeforeExecutionStep.execute(CaptureStateBeforeExecutionStep.java:76)
[   +1 ms] 	at org.gradle.internal.execution.steps.CaptureStateBeforeExecutionStep.execute(CaptureStateBeforeExecutionStep.java:50)
[        ] 	at org.gradle.internal.execution.steps.SkipEmptyWorkStep.executeWithNoEmptySources(SkipEmptyWorkStep.java:254)
[        ] 	at org.gradle.internal.execution.steps.SkipEmptyWorkStep.executeWithNoEmptySources(SkipEmptyWorkStep.java:209)
[        ] 	at org.gradle.internal.execution.steps.SkipEmptyWorkStep.execute(SkipEmptyWorkStep.java:88)
[        ] 	at org.gradle.internal.execution.steps.SkipEmptyWorkStep.execute(SkipEmptyWorkStep.java:56)
[   +1 ms] 	at org.gradle.internal.execution.steps.RemoveUntrackedExecutionStateStep.execute(RemoveUntrackedExecutionStateStep.java:32)
[   +2 ms] 	at org.gradle.internal.execution.steps.RemoveUntrackedExecutionStateStep.execute(RemoveUntrackedExecutionStateStep.java:21)
[   +1 ms] 	at org.gradle.internal.execution.steps.legacy.MarkSnapshottingInputsStartedStep.execute(MarkSnapshottingInputsStartedStep.java:38)
[   +2 ms] 	at org.gradle.internal.execution.steps.LoadPreviousExecutionStateStep.execute(LoadPreviousExecutionStateStep.java:43)
[   +3 ms] 	at org.gradle.internal.execution.steps.LoadPreviousExecutionStateStep.execute(LoadPreviousExecutionStateStep.java:31)
[        ] 	at org.gradle.internal.execution.steps.AssignWorkspaceStep.lambda$execute$0(AssignWorkspaceStep.java:40)
[        ] 	at org.gradle.api.internal.tasks.execution.TaskExecution$4.withWorkspace(TaskExecution.java:281)
[        ] 	at org.gradle.internal.execution.steps.AssignWorkspaceStep.execute(AssignWorkspaceStep.java:40)
[        ] 	at org.gradle.internal.execution.steps.AssignWorkspaceStep.execute(AssignWorkspaceStep.java:30)
[        ] 	at org.gradle.internal.execution.steps.IdentityCacheStep.execute(IdentityCacheStep.java:37)
[        ] 	at org.gradle.internal.execution.steps.IdentityCacheStep.execute(IdentityCacheStep.java:27)
[        ] 	at org.gradle.internal.execution.steps.IdentifyStep.execute(IdentifyStep.java:44)
[   +1 ms] 	at org.gradle.internal.execution.steps.IdentifyStep.execute(IdentifyStep.java:33)
[   +1 ms] 	at org.gradle.internal.execution.impl.DefaultExecutionEngine$1.execute(DefaultExecutionEngine.java:76)
[   +1 ms] 	at org.gradle.api.internal.tasks.execution.ExecuteActionsTaskExecuter.executeIfValid(ExecuteActionsTaskExecuter.java:139)
[   +1 ms] 	at org.gradle.api.internal.tasks.execution.ExecuteActionsTaskExecuter.execute(ExecuteActionsTaskExecuter.java:128)
[   +2 ms] 	at org.gradle.api.internal.tasks.execution.CleanupStaleOutputsExecuter.execute(CleanupStaleOutputsExecuter.java:77)
[   +1 ms] 	at org.gradle.api.internal.tasks.execution.FinalizePropertiesTaskExecuter.execute(FinalizePropertiesTaskExecuter.java:46)
[   +1 ms] 	at org.gradle.api.internal.tasks.execution.ResolveTaskExecutionModeExecuter.execute(ResolveTaskExecutionModeExecuter.java:51)
[        ] 	at org.gradle.api.internal.tasks.execution.SkipTaskWithNoActionsExecuter.execute(SkipTaskWithNoActionsExecuter.java:57)
[        ] 	at org.gradle.api.internal.tasks.execution.SkipOnlyIfTaskExecuter.execute(SkipOnlyIfTaskExecuter.java:56)
[        ] 	at org.gradle.api.internal.tasks.execution.CatchExceptionTaskExecuter.execute(CatchExceptionTaskExecuter.java:36)
[        ] 	at org.gradle.api.internal.tasks.execution.EventFiringTaskExecuter$1.executeTask(EventFiringTaskExecuter.java:77)
[        ] 	at org.gradle.api.internal.tasks.execution.EventFiringTaskExecuter$1.call(EventFiringTaskExecuter.java:55)
[        ] 	at org.gradle.api.internal.tasks.execution.EventFiringTaskExecuter$1.call(EventFiringTaskExecuter.java:52)
[   +3 ms] 	at org.gradle.internal.operations.DefaultBuildOperationRunner$CallableBuildOperationWorker.execute(DefaultBuildOperationRunner.java:204)
[        ] 	at org.gradle.internal.operations.DefaultBuildOperationRunner$CallableBuildOperationWorker.execute(DefaultBuildOperationRunner.java:199)
[        ] 	at org.gradle.internal.operations.DefaultBuildOperationRunner$2.execute(DefaultBuildOperationRunner.java:66)
[        ] 	at org.gradle.internal.operations.DefaultBuildOperationRunner$2.execute(DefaultBuildOperationRunner.java:59)
[        ] 	at org.gradle.internal.operations.DefaultBuildOperationRunner.execute(DefaultBuildOperationRunner.java:157)
[        ] 	at org.gradle.internal.operations.DefaultBuildOperationRunner.execute(DefaultBuildOperationRunner.java:59)
[        ] 	at org.gradle.internal.operations.DefaultBuildOperationRunner.call(DefaultBuildOperationRunner.java:53)
[        ] 	at org.gradle.internal.operations.DefaultBuildOperationExecutor.call(DefaultBuildOperationExecutor.java:73)
[        ] 	at org.gradle.api.internal.tasks.execution.EventFiringTaskExecuter.execute(EventFiringTaskExecuter.java:52)
[        ] 	at org.gradle.execution.plan.LocalTaskNodeExecutor.execute(LocalTaskNodeExecutor.java:69)
[   +2 ms] 	at org.gradle.execution.taskgraph.DefaultTaskExecutionGraph$InvokeNodeExecutorsAction.execute(DefaultTaskExecutionGraph.java:327)
[   +2 ms] 	at org.gradle.execution.taskgraph.DefaultTaskExecutionGraph$InvokeNodeExecutorsAction.execute(DefaultTaskExecutionGraph.java:314)
[   +1 ms] 	at org.gradle.execution.taskgraph.DefaultTaskExecutionGraph$BuildOperationAwareExecutionAction.execute(DefaultTaskExecutionGraph.java:307)
[   +1 ms] 	at org.gradle.execution.taskgraph.DefaultTaskExecutionGraph$BuildOperationAwareExecutionAction.execute(DefaultTaskExecutionGraph.java:293)
[   +4 ms] 	at org.gradle.execution.plan.DefaultPlanExecutor$ExecutorWorker.execute(DefaultPlanExecutor.java:417)
[        ] 	at org.gradle.execution.plan.DefaultPlanExecutor$ExecutorWorker.run(DefaultPlanExecutor.java:339)
[        ] 	at org.gradle.execution.plan.DefaultPlanExecutor.process(DefaultPlanExecutor.java:96)
[        ] 	at org.gradle.execution.taskgraph.DefaultTaskExecutionGraph.executeWithServices(DefaultTaskExecutionGraph.java:140)
[        ] 	at org.gradle.execution.taskgraph.DefaultTaskExecutionGraph.execute(DefaultTaskExecutionGraph.java:125)
[        ] 	at org.gradle.execution.SelectedTaskExecutionAction.execute(SelectedTaskExecutionAction.java:39)
[        ] 	at org.gradle.execution.DryRunBuildExecutionAction.execute(DryRunBuildExecutionAction.java:51)
[        ] 	at org.gradle.execution.BuildOperationFiringBuildWorkerExecutor$ExecuteTasks.call(BuildOperationFiringBuildWorkerExecutor.java:54)
[   +2 ms] 	at org.gradle.execution.BuildOperationFiringBuildWorkerExecutor$ExecuteTasks.call(BuildOperationFiringBuildWorkerExecutor.java:43)
[   +1 ms] 	at org.gradle.internal.operations.DefaultBuildOperationRunner$CallableBuildOperationWorker.execute(DefaultBuildOperationRunner.java:204)
[   +2 ms] 	at org.gradle.internal.operations.DefaultBuildOperationRunner$CallableBuildOperationWorker.execute(DefaultBuildOperationRunner.java:199)
[   +1 ms] 	at org.gradle.internal.operations.DefaultBuildOperationRunner$2.execute(DefaultBuildOperationRunner.java:66)
[        ] 	at org.gradle.internal.operations.DefaultBuildOperationRunner$2.execute(DefaultBuildOperationRunner.java:59)
[        ] 	at org.gradle.internal.operations.DefaultBuildOperationRunner.execute(DefaultBuildOperationRunner.java:157)
[        ] 	at org.gradle.internal.operations.DefaultBuildOperationRunner.execute(DefaultBuildOperationRunner.java:59)
[        ] 	at org.gradle.internal.operations.DefaultBuildOperationRunner.call(DefaultBuildOperationRunner.java:53)
[        ] 	at org.gradle.internal.operations.DefaultBuildOperationExecutor.call(DefaultBuildOperationExecutor.java:73)
[   +1 ms] 	at org.gradle.execution.BuildOperationFiringBuildWorkerExecutor.execute(BuildOperationFiringBuildWorkerExecutor.java:40)
[        ] 	at org.gradle.internal.build.DefaultBuildLifecycleController.lambda$executeTasks$7(DefaultBuildLifecycleController.java:161)
[        ] 	at org.gradle.internal.model.StateTransitionController.doTransition(StateTransitionController.java:247)
[        ] 	at org.gradle.internal.model.StateTransitionController.lambda$tryTransition$7(StateTransitionController.java:174)
[        ] 	at org.gradle.internal.work.DefaultSynchronizer.withLock(DefaultSynchronizer.java:44)
[        ] 	at org.gradle.internal.model.StateTransitionController.tryTransition(StateTransitionController.java:174)
[        ] 	at org.gradle.internal.build.DefaultBuildLifecycleController.executeTasks(DefaultBuildLifecycleController.java:161)
[        ] 	at org.gradle.internal.build.DefaultBuildWorkGraphController$DefaultBuildWorkGraph.runWork(DefaultBuildWorkGraphController.java:156)
[        ] 	at org.gradle.internal.work.DefaultWorkerLeaseService.withLocks(DefaultWorkerLeaseService.java:249)
[        ] 	at org.gradle.internal.work.DefaultWorkerLeaseService.runAsWorkerThread(DefaultWorkerLeaseService.java:109)
[        ] 	at org.gradle.composite.internal.DefaultBuildController.doRun(DefaultBuildController.java:164)
[        ] 	at org.gradle.composite.internal.DefaultBuildController.access$000(DefaultBuildController.java:45)
[        ] 	at org.gradle.composite.internal.DefaultBuildController$BuildOpRunnable.run(DefaultBuildController.java:183)
[        ] 	at java.base/java.util.concurrent.Executors$RunnableAdapter.call(Unknown Source)
[        ] 	at java.base/java.util.concurrent.FutureTask.run(Unknown Source)
[        ] 	at org.gradle.internal.concurrent.ExecutorPolicy$CatchAndRecordFailures.onExecute(ExecutorPolicy.java:64)
[        ] 	at org.gradle.internal.concurrent.ManagedExecutorImpl$1.run(ManagedExecutorImpl.java:48)
[        ] 	at java.base/java.util.concurrent.ThreadPoolExecutor.runWorker(Unknown Source)
[        ] 	at java.base/java.util.concurrent.ThreadPoolExecutor$Worker.run(Unknown Source)
[   +1 ms] 	at java.base/java.lang.Thread.run(Unknown Source)
[        ] Caused by: org.jetbrains.kotlin.gradle.tasks.CompilationErrorException: Compilation error. See log for more details
[        ] 	at org.jetbrains.kotlin.gradle.tasks.TasksUtilsKt.throwExceptionIfCompilationFailed(tasksUtils.kt:20)
[        ] 	at org.jetbrains.kotlin.compilerRunner.GradleKotlinCompilerWork.run(GradleKotlinCompilerWork.kt:141)
[   +1 ms] 	at org.jetbrains.kotlin.compilerRunner.GradleCompilerRunnerWithWorkers$GradleKotlinCompilerWorkAction.execute(GradleCompilerRunnerWithWorkers.kt:73)
[        ] 	at org.gradle.workers.internal.DefaultWorkerServer.execute(DefaultWorkerServer.java:63)
[   +1 ms] 	at org.gradle.workers.internal.NoIsolationWorkerFactory$1$1.create(NoIsolationWorkerFactory.java:66)
[   +1 ms] 	at org.gradle.workers.internal.NoIsolationWorkerFactory$1$1.create(NoIsolationWorkerFactory.java:62)
[   +1 ms] 	at org.gradle.internal.classloader.ClassLoaderUtils.executeInClassloader(ClassLoaderUtils.java:100)
[   +2 ms] 	at org.gradle.workers.internal.NoIsolationWorkerFactory$1.lambda$execute$0(NoIsolationWorkerFactory.java:62)
[   +1 ms] 	at org.gradle.workers.internal.AbstractWorker$1.call(AbstractWorker.java:44)
[        ] 	at org.gradle.workers.internal.AbstractWorker$1.call(AbstractWorker.java:41)
[        ] 	at org.gradle.internal.operations.DefaultBuildOperationRunner$CallableBuildOperationWorker.execute(DefaultBuildOperationRunner.java:204)
[        ] 	at org.gradle.internal.operations.DefaultBuildOperationRunner$CallableBuildOperationWorker.execute(DefaultBuildOperationRunner.java:199)
[        ] 	at org.gradle.internal.operations.DefaultBuildOperationRunner$2.execute(DefaultBuildOperationRunner.java:66)
[        ] 	at org.gradle.internal.operations.DefaultBuildOperationRunner$2.execute(DefaultBuildOperationRunner.java:59)
[        ] 	at org.gradle.internal.operations.DefaultBuildOperationRunner.execute(DefaultBuildOperationRunner.java:157)
[        ] 	at org.gradle.internal.operations.DefaultBuildOperationRunner.execute(DefaultBuildOperationRunner.java:59)
[        ] 	at org.gradle.internal.operations.DefaultBuildOperationRunner.call(DefaultBuildOperationRunner.java:53)
[        ] 	at org.gradle.internal.operations.DefaultBuildOperationExecutor.call(DefaultBuildOperationExecutor.java:73)
[        ] 	at org.gradle.workers.internal.AbstractWorker.executeWrappedInBuildOperation(AbstractWorker.java:41)
[        ] 	at org.gradle.workers.internal.NoIsolationWorkerFactory$1.execute(NoIsolationWorkerFactory.java:59)
[        ] 	at org.gradle.workers.internal.DefaultWorkerExecutor.lambda$submitWork$2(DefaultWorkerExecutor.java:205)
[        ] 	at java.base/java.util.concurrent.FutureTask.run(Unknown Source)
[   +1 ms] 	at org.gradle.internal.work.DefaultConditionalExecutionQueue$ExecutionRunner.runExecution(DefaultConditionalExecutionQueue.java:187)
[   +2 ms] 	at org.gradle.internal.work.DefaultConditionalExecutionQueue$ExecutionRunner.access$700(DefaultConditionalExecutionQueue.java:120)
[   +1 ms] 	at org.gradle.internal.work.DefaultConditionalExecutionQueue$ExecutionRunner$1.run(DefaultConditionalExecutionQueue.java:162)
[   +2 ms] 	at org.gradle.internal.Factories$1.create(Factories.java:31)
[   +1 ms] 	at org.gradle.internal.work.DefaultWorkerLeaseService.withLocks(DefaultWorkerLeaseService.java:249)
[        ] 	at org.gradle.internal.work.DefaultWorkerLeaseService.runAsWorkerThread(DefaultWorkerLeaseService.java:109)
[        ] 	at org.gradle.internal.work.DefaultWorkerLeaseService.runAsWorkerThread(DefaultWorkerLeaseService.java:114)
[   +1 ms] 	at org.gradle.internal.work.DefaultConditionalExecutionQueue$ExecutionRunner.runBatch(DefaultConditionalExecutionQueue.java:157)
[        ] 	at org.gradle.internal.work.DefaultConditionalExecutionQueue$ExecutionRunner.run(DefaultConditionalExecutionQueue.java:126)
[        ] 	... 7 more
[        ] * Get more help at https://help.gradle.org
[        ] BUILD FAILED in 12s
[   +3 ms] 4 actionable tasks: 2 executed, 2 up-to-date
[ +441 ms] Running Gradle task 'assembleDebug'... (completed in 13.7s)
[  +27 ms] "flutter apk" took 18,521ms.
[ +151 ms] Gradle task assembleDebug failed with exit code 1
[   +2 ms] 
           #0      throwToolExit (package:flutter_tools/src/base/common.dart:34:3)
           #1      AndroidGradleBuilder.buildGradleApp (package:flutter_tools/src/android/gradle.dart:592:7)
           <asynchronous suspension>
           #2      AndroidGradleBuilder.buildApk (package:flutter_tools/src/android/gradle.dart:234:5)
           <asynchronous suspension>
           #3      BuildApkCommand.runCommand (package:flutter_tools/src/commands/build_apk.dart:131:5)
           <asynchronous suspension>
           #4      FlutterCommand.run.<anonymous closure> (package:flutter_tools/src/runner/flutter_command.dart:1559:27)
           <asynchronous suspension>
           #5      AppContext.run.<anonymous closure> (package:flutter_tools/src/base/context.dart:154:19)
           <asynchronous suspension>
           #6      CommandRunner.runCommand (package:args/command_runner.dart:212:13)
           <asynchronous suspension>
           #7      FlutterCommandRunner.runCommand.<anonymous closure> (package:flutter_tools/src/runner/flutter_command_runner.dart:487:9)
           <asynchronous suspension>
           #8      AppContext.run.<anonymous closure> (package:flutter_tools/src/base/context.dart:154:19)
           <asynchronous suspension>
           #9      FlutterCommandRunner.runCommand (package:flutter_tools/src/runner/flutter_command_runner.dart:422:5)
           <asynchronous suspension>
           #10     run.<anonymous closure>.<anonymous closure> (package:flutter_tools/runner.dart:104:11)
           <asynchronous suspension>
           #11     AppContext.run.<anonymous closure> (package:flutter_tools/src/base/context.dart:154:19)
           <asynchronous suspension>
           #12     main (package:flutter_tools/executable.dart:103:3)
           <asynchronous suspension>


[   +2 ms] Running 1 shutdown hook
[  +13 ms] Shutdown hooks complete
[ +177 ms] exiting with code 1
